<?xml version="1.0" encoding="UTF-8"?>
<!-- Generated by org.testng.reporters.JUnitReportReporter -->
<testsuite hostname="SIDHU" failures="0" tests="1" name="com.adactinhotelapp.testscripts.ValidateLoginUsingPOMandDataProvider" time="17.073" errors="0" timestamp="2024-07-17T15:29:19 IST" skipped="0">
  <testcase classname="com.adactinhotelapp.testscripts.ValidateLoginUsingPOMandDataProvider" name="validateLoginTest" time="17.073"/>
</testsuite> <!-- com.adactinhotelapp.testscripts.ValidateLoginUsingPOMandDataProvider -->
